-------------------------------------------------------------------------------
Test set: org.example.AppTest
-------------------------------------------------------------------------------
Tests run: 2, Failures: 0, Errors: 1, Skipped: 0, Time elapsed: 0.491 s <<< FAILURE! - in org.example.AppTest
testBundles(org.example.AppTest)  Time elapsed: 0.114 s  <<< ERROR!
java.lang.ArrayIndexOutOfBoundsException: Index 0 out of bounds for length 0
	at org.example.AppTest.testBundles(AppTest.java:53)

